study index4
Site ID   Ant. Elev. AMSL (m )  Frequency (MHz)  ERPi(dbW) Orient./Pol.  Group  Coordinates
--------  --------------------  ---------------  ----------  ------------  -----  ---------------------------
ABAA0001                 378.0        960.00000       17.52    Use file-vertical      1  N44°19'29.96" W123°00'17.52"
ABAA0003                 408.0        960.00000       18.40    Use file-vertical      1  N44°19'29.96" W123°00'17.52"
ABAB0001                 232.1        960.00000       21.40    Use file-vertical      1  N44°40'03.50" W122°53'02.65"
ABAB0002                 252.1        960.00000       19.40    Use file-vertical      1  N44°40'03.50" W122°53'02.65"
ABAB0003                 232.1        960.00000       21.40    Use file-vertical      1  N44°40'03.50" W122°53'02.65"
ABAC0002                 438.4        960.00000       16.52    Use file-vertical      1  N44°16'35.84" W123°20'48.07"
ABAC0003                 428.4        960.00000       21.40    Use file-vertical      1  N44°16'35.84" W123°20'48.07"
ABAD0001                 526.4        960.00000       19.40    Use file-vertical      1  N44°37'24.22" W123°18'54.39"
ABAD0002                 526.4        960.00000       15.52    Use file-vertical      1  N44°37'24.22" W123°18'54.39"
ABAE0001                  86.0        960.00000       21.40    Use file-vertical      1  N44°30'11.64" W123°12'30.24"
ABAE0002                  86.0        960.00000       21.40    Use file-vertical      1  N44°30'11.64" W123°12'30.24"
ABAF0001                 657.5        960.00000       21.40    Use file-vertical      1  N44°23'57.01" W122°51'49.29"
ABAF0002                 657.5        960.00000       21.40    Use file-vertical      1  N44°23'57.01" W122°51'49.29"
ABAF0003                 657.5        960.00000       21.40    Use file-vertical      1  N44°23'57.01" W122°51'49.29"
ABAG0001                  86.0        960.00000       21.40    Use file-vertical      1  N44°26'56.62" W123°18'01.47"
ABAG0002                  86.0        960.00000       21.40    Use file-vertical      1  N44°26'56.62" W123°18'01.47"
ABAH0001                  92.5        960.00000       21.40    Use file-vertical      1  N44°22'37.01" W123°10'28.59"
ABAH0002                  92.5        960.00000       21.40    Use file-vertical      1  N44°22'37.01" W123°10'28.59"
ABAI0001                 431.8        960.00000       21.40    Use file-vertical      1  N44°30'35.75" W122°58'08.69"
ABAI0003                 451.8        960.00000       15.52    Use file-vertical      1  N44°30'35.75" W122°58'08.69"
ABAJ0001                  86.0        960.00000       21.40    Use file-vertical      1  N44°28'34.39" W123°07'31.40"
ABAJ0002                  86.0        960.00000       21.40    Use file-vertical      1  N44°28'34.39" W123°07'31.40"
ABAL0001                  94.7        960.00000       21.40    Use file-vertical      1  N44°34'53.26" W123°00'53.94"
ABAL0002                  94.7        960.00000       21.40    Use file-vertical      1  N44°34'53.26" W123°00'53.94"
ABAM0001                  96.3        960.00000       21.40    Use file-vertical      1  N44°32'17.84" W123°19'49.06"
ABAM0002                  96.3        960.00000       21.40    Use file-vertical      1  N44°32'17.84" W123°19'49.06"
ABAN0001                  71.1        960.00000       21.40    Use file-vertical      1  N44°39'48.38" W123°06'50.04"
ABAN0002                  71.1        960.00000       21.40    Use file-vertical      1  N44°39'48.38" W123°06'50.04"
ABAO0001                 150.7        960.00000       18.40    Use file-vertical      1  N44°31'39.32" W122°54'17.80"
ABAO0002                 150.7        960.00000       18.40    Use file-vertical      1  N44°31'39.32" W122°54'17.80"
ABAO0003                 150.7        960.00000       18.40    Use file-vertical      1  N44°31'39.32" W122°54'17.80"
ABAP0001                 168.9        960.00000       21.40    Use file-vertical      1  N44°35'15.00" W123°17'54.35"
ABAP0002                 168.9        960.00000       21.40    Use file-vertical      1  N44°35'15.00" W123°17'54.35"
ABAQ0001                 135.6        960.00000       18.40    Use file-vertical      1  N44°33'59.84" W123°16'54.08"
ABAQ0002                 135.6        960.00000       18.40    Use file-vertical      1  N44°33'59.84" W123°16'54.08"
ABAR0001                 175.4        960.00000       18.40    Use file-vertical      1  N44°34'50.92" W123°17'29.42"
ABAR0002                 175.4        960.00000       18.40    Use file-vertical      1  N44°34'50.92" W123°17'29.42"
ABAS0001                 117.2        960.00000       18.40    Use file-vertical      1  N44°33'54.43" W123°16'11.40"
ABAS0002                 117.2        960.00000       18.40    Use file-vertical      1  N44°33'54.43" W123°16'11.40"
ABAT0001                 121.8        960.00000       18.40    Use file-vertical      1  N44°34'38.80" W123°17'05.93"
ABAT0002                 121.8        960.00000       18.40    Use file-vertical      1  N44°34'38.80" W123°17'05.93"
